<?xml version="1.0" encoding="UTF-8"?>
<!-- Generated by org.testng.reporters.JUnitReportReporter -->
<testsuite hostname="xubuntuVostro" failures="0" tests="26" name="net.sf.jasperreports.CsvDataSourceTest" time="0.372" errors="0" timestamp="27 Oct 2019 04:43:31 GMT">
  <testcase classname="net.sf.jasperreports.CsvDataSourceTest" name="detectColumnNames" time="0.001"/>
  <testcase classname="net.sf.jasperreports.CsvDataSourceTest" name="detectColumnNames" time="0.001"/>
  <testcase classname="net.sf.jasperreports.CsvDataSourceTest" name="detectColumnNames" time="0.002"/>
  <testcase classname="net.sf.jasperreports.CsvDataSourceTest" name="detectColumnNames" time="0.343"/>
  <testcase classname="net.sf.jasperreports.CsvDataSourceTest" name="detectColumnNames" time="0.001"/>
  <testcase classname="net.sf.jasperreports.CsvDataSourceTest" name="detectColumnNames" time="0.001"/>
  <testcase classname="net.sf.jasperreports.CsvDataSourceTest" name="detectColumnNames" time="0.001"/>
  <testcase classname="net.sf.jasperreports.CsvDataSourceTest" name="detectColumnNames" time="0.002"/>
  <testcase classname="net.sf.jasperreports.CsvDataSourceTest" name="detectColumnNames" time="0.001"/>
  <testcase classname="net.sf.jasperreports.CsvDataSourceTest" name="detectColumnNames" time="0.001"/>
  <testcase classname="net.sf.jasperreports.CsvDataSourceTest" name="detectColumnNames" time="0.001"/>
  <testcase classname="net.sf.jasperreports.CsvDataSourceTest" name="detectColumnNames" time="0.001"/>
  <testcase classname="net.sf.jasperreports.CsvDataSourceTest" name="detectColumnNames" time="0.001"/>
  <testcase classname="net.sf.jasperreports.CsvDataSourceTest" name="detectColumnNames" time="0.001"/>
  <testcase classname="net.sf.jasperreports.CsvDataSourceTest" name="detectColumnNames" time="0.001"/>
  <testcase classname="net.sf.jasperreports.CsvDataSourceTest" name="detectColumnNames" time="0.001"/>
  <testcase classname="net.sf.jasperreports.CsvDataSourceTest" name="detectColumnNames" time="0.001"/>
  <testcase classname="net.sf.jasperreports.CsvDataSourceTest" name="detectColumnNames" time="0.001"/>
  <testcase classname="net.sf.jasperreports.CsvDataSourceTest" name="detectColumnNames" time="0.002"/>
  <testcase classname="net.sf.jasperreports.CsvDataSourceTest" name="detectColumnNames" time="0.001"/>
  <testcase classname="net.sf.jasperreports.CsvDataSourceTest" name="detectColumnNames" time="0.001"/>
  <testcase classname="net.sf.jasperreports.CsvDataSourceTest" name="detectColumnNames" time="0.001"/>
  <testcase classname="net.sf.jasperreports.CsvDataSourceTest" name="detectColumnNames" time="0.001"/>
  <testcase classname="net.sf.jasperreports.CsvDataSourceTest" name="detectColumnNames" time="0.002"/>
  <testcase classname="net.sf.jasperreports.CsvDataSourceTest" name="detectColumnNames" time="0.001"/>
  <testcase classname="net.sf.jasperreports.CsvDataSourceTest" name="detectColumnNames" time="0.001"/>
</testsuite> <!-- net.sf.jasperreports.CsvDataSourceTest -->
