<?xml version="1.0" encoding="UTF-8"?>
<!-- Generated by org.testng.reporters.JUnitReportReporter -->
<testsuite hostname="xubuntuVostro" failures="0" tests="19" name="net.sf.jasperreports.util.UUIDTest" time="0.033" errors="0" timestamp="27 Oct 2019 04:43:14 GMT">
  <testcase classname="net.sf.jasperreports.util.UUIDTest" name="deriveUUID" time="0.001"/>
  <testcase classname="net.sf.jasperreports.util.UUIDTest" name="deriveUUID" time="0.001"/>
  <testcase classname="net.sf.jasperreports.util.UUIDTest" name="deriveUUID" time="0.001"/>
  <testcase classname="net.sf.jasperreports.util.UUIDTest" name="deriveUUID" time="0.001"/>
  <testcase classname="net.sf.jasperreports.util.UUIDTest" name="deriveUUID" time="0.002"/>
  <testcase classname="net.sf.jasperreports.util.UUIDTest" name="deriveUUID" time="0.010"/>
  <testcase classname="net.sf.jasperreports.util.UUIDTest" name="deriveUUID" time="0.001"/>
  <testcase classname="net.sf.jasperreports.util.UUIDTest" name="deriveUUID" time="0.002"/>
  <testcase classname="net.sf.jasperreports.util.UUIDTest" name="deriveUUID" time="0.001"/>
  <testcase classname="net.sf.jasperreports.util.UUIDTest" name="deriveUUIDZero" time="0.001"/>
  <testcase classname="net.sf.jasperreports.util.UUIDTest" name="deriveUUID" time="0.001"/>
  <testcase classname="net.sf.jasperreports.util.UUIDTest" name="deriveUUID" time="0.001"/>
  <testcase classname="net.sf.jasperreports.util.UUIDTest" name="deriveUUID" time="0.002"/>
  <testcase classname="net.sf.jasperreports.util.UUIDTest" name="deriveUUID" time="0.001"/>
  <testcase classname="net.sf.jasperreports.util.UUIDTest" name="deriveUUID" time="0.001"/>
  <testcase classname="net.sf.jasperreports.util.UUIDTest" name="deriveUUID" time="0.002"/>
  <testcase classname="net.sf.jasperreports.util.UUIDTest" name="deriveUUID" time="0.001"/>
  <testcase classname="net.sf.jasperreports.util.UUIDTest" name="deriveUUID" time="0.001"/>
  <testcase classname="net.sf.jasperreports.util.UUIDTest" name="deriveUUID" time="0.002"/>
</testsuite> <!-- net.sf.jasperreports.util.UUIDTest -->
